<?xml version="1.0" encoding="UTF-8"?>
<testsuite name="com.safeguard.security.layers.layer7.YaraScannerTest" tests="8" skipped="0" failures="0" errors="0" timestamp="2026-04-27T08:46:07" hostname="DESKTOP-KH25HMN" time="0.276">
  <properties/>
  <testcase name="firesMaliciousVerdict_onHighSeverityRuleHit_inDex" classname="com.safeguard.security.layers.layer7.YaraScannerTest" time="0.228"/>
  <testcase name="firesSuspiciousVerdict_onMediumSeverityRuleHit" classname="com.safeguard.security.layers.layer7.YaraScannerTest" time="0.005"/>
  <testcase name="returnsSafe_whenNoRulesFire" classname="com.safeguard.security.layers.layer7.YaraScannerTest" time="0.011"/>
  <testcase name="emptyRuleSet_returnsSafeWithExplanatoryEvidence" classname="com.safeguard.security.layers.layer7.YaraScannerTest" time="0.005"/>
  <testcase name="multipleRulesFire_highestSeverityWins" classname="com.safeguard.security.layers.layer7.YaraScannerTest" time="0.007"/>
  <testcase name="corruptZip_returnsSafeWithoutThrowing" classname="com.safeguard.security.layers.layer7.YaraScannerTest" time="0.006"/>
  <testcase name="matchesAcrossDexAndManifest" classname="com.safeguard.security.layers.layer7.YaraScannerTest" time="0.006"/>
  <testcase name="matchesInMultipleDexFiles" classname="com.safeguard.security.layers.layer7.YaraScannerTest" time="0.006"/>
  <system-out><![CDATA[]]></system-out>
  <system-err><![CDATA[]]></system-err>
</testsuite>
