<?xml version="1.0" encoding="UTF-8"?>
<testsuite name="com.safeguard.core.orchestration.ScanOrchestratorIntegrationTest" tests="2" skipped="0" failures="0" errors="0" timestamp="2026-04-27T08:00:31" hostname="DESKTOP-KH25HMN" time="0.019">
  <properties/>
  <testcase name="scan_orchestrator_layer6Unknown_degradesToSuspicious_warn" classname="com.safeguard.core.orchestration.ScanOrchestratorIntegrationTest" time="0.016"/>
  <testcase name="scan_orchestrator_layer6Malicious_triggersFinalMalicious_quarantine" classname="com.safeguard.core.orchestration.ScanOrchestratorIntegrationTest" time="0.003"/>
  <system-out><![CDATA[]]></system-out>
  <system-err><![CDATA[]]></system-err>
</testsuite>
