<?xml version="1.0" encoding="UTF-8"?>
<testsuite name="com.safeguard.core.orchestration.ForensicReasoningEngineTest" tests="2" skipped="0" failures="0" errors="0" timestamp="2026-04-27T08:00:31" hostname="DESKTOP-KH25HMN" time="0.002">
  <properties/>
  <testcase name="maliciousVerdict_emptyHeuristics_returnsUnspecifiedCategory" classname="com.safeguard.core.orchestration.ForensicReasoningEngineTest" time="0.001"/>
  <testcase name="safeVerdict_returnsCleanCategory" classname="com.safeguard.core.orchestration.ForensicReasoningEngineTest" time="0.001"/>
  <system-out><![CDATA[]]></system-out>
  <system-err><![CDATA[]]></system-err>
</testsuite>
