<?xml version="1.0" encoding="UTF-8"?>
<testsuite name="com.safeguard.core.domain.integrity.PlayIntegrityVerdictTest" tests="4" skipped="0" failures="0" errors="0" timestamp="2026-04-27T08:00:31" hostname="DESKTOP-KH25HMN" time="0.001">
  <properties/>
  <testcase name="looksTrustworthy_requiresAtLeastBasicAndPlayRecognized" classname="com.safeguard.core.domain.integrity.PlayIntegrityVerdictTest" time="0.0"/>
  <testcase name="toEvidenceLine_omitsBlankNote" classname="com.safeguard.core.domain.integrity.PlayIntegrityVerdictTest" time="0.0"/>
  <testcase name="toEvidenceLine_isStable_andTruncatesLongNotes" classname="com.safeguard.core.domain.integrity.PlayIntegrityVerdictTest" time="0.001"/>
  <testcase name="disabled_singleton_isCanonicalForwardCompatibleSentinel" classname="com.safeguard.core.domain.integrity.PlayIntegrityVerdictTest" time="0.0"/>
  <system-out><![CDATA[]]></system-out>
  <system-err><![CDATA[]]></system-err>
</testsuite>
