<?xml version="1.0" encoding="UTF-8"?>
<testsuite name="com.safeguard.core.util.ApkSignatureDetectorTest" tests="9" skipped="0" failures="0" errors="0" timestamp="2026-04-27T08:00:31" hostname="DESKTOP-KH25HMN" time="0.027">
  <properties/>
  <testcase name="hasZipMagicBytes_returnsFalseForNonZip" classname="com.safeguard.core.util.ApkSignatureDetectorTest" time="0.004"/>
  <testcase name="isAndroidPackage_rejectsTooSmallFiles" classname="com.safeguard.core.util.ApkSignatureDetectorTest" time="0.006"/>
  <testcase name="looksLikeApk_recognizesDisguisedApkWithoutExtension" classname="com.safeguard.core.util.ApkSignatureDetectorTest" time="0.005"/>
  <testcase name="isAndroidPackage_falsePositive_zipWithoutAndroidManifestRejected" classname="com.safeguard.core.util.ApkSignatureDetectorTest" time="0.003"/>
  <testcase name="hasApkLikeExtension_recognizesAllVariants" classname="com.safeguard.core.util.ApkSignatureDetectorTest" time="0.001"/>
  <testcase name="isAndroidPackage_truePositive_extensionlessButValidApkStructure" classname="com.safeguard.core.util.ApkSignatureDetectorTest" time="0.004"/>
  <testcase name="looksLikeApk_extensionShortCircuitsBeforeIo" classname="com.safeguard.core.util.ApkSignatureDetectorTest" time="0.001"/>
  <testcase name="hasApkLikeExtension_rejectsObviousNonMatches" classname="com.safeguard.core.util.ApkSignatureDetectorTest" time="0.0"/>
  <testcase name="hasZipMagicBytes_detectsZipPrefix" classname="com.safeguard.core.util.ApkSignatureDetectorTest" time="0.003"/>
  <system-out><![CDATA[]]></system-out>
  <system-err><![CDATA[]]></system-err>
</testsuite>
