<?xml version="1.0" encoding="UTF-8"?>
<testsuite name="com.safeguard.core.orchestration.ForensicReasoningEngineTest" tests="2" skipped="0" failures="0" errors="0" timestamp="2026-04-14T11:51:39" hostname="DESKTOP-KH25HMN" time="0.019">
  <properties/>
  <testcase name="maliciousVerdict_emptyHeuristics_returnsUnspecifiedCategory" classname="com.safeguard.core.orchestration.ForensicReasoningEngineTest" time="0.018"/>
  <testcase name="safeVerdict_returnsCleanCategory" classname="com.safeguard.core.orchestration.ForensicReasoningEngineTest" time="0.001"/>
  <system-out><![CDATA[]]></system-out>
  <system-err><![CDATA[]]></system-err>
</testsuite>
